mode: atomic
leetcode/l_12/l_12.go:5.33,9.14 3 3
leetcode/l_12/l_12.go:58.2,58.21 1 3
leetcode/l_12/l_12.go:9.14,10.18 1 12
leetcode/l_12/l_12.go:10.18,13.4 2 1
leetcode/l_12/l_12.go:13.9,13.24 1 11
leetcode/l_12/l_12.go:13.24,17.4 3 1
leetcode/l_12/l_12.go:17.9,17.24 1 10
leetcode/l_12/l_12.go:17.24,20.4 2 0
leetcode/l_12/l_12.go:20.9,20.24 1 10
leetcode/l_12/l_12.go:20.24,24.4 3 0
leetcode/l_12/l_12.go:24.9,24.24 1 10
leetcode/l_12/l_12.go:24.24,27.4 2 0
leetcode/l_12/l_12.go:27.9,27.23 1 10
leetcode/l_12/l_12.go:27.23,31.4 3 1
leetcode/l_12/l_12.go:31.9,31.23 1 9
leetcode/l_12/l_12.go:31.23,34.4 2 1
leetcode/l_12/l_12.go:34.9,34.23 1 8
leetcode/l_12/l_12.go:34.23,38.4 3 0
leetcode/l_12/l_12.go:38.9,38.23 1 8
leetcode/l_12/l_12.go:38.23,41.4 2 0
leetcode/l_12/l_12.go:41.9,41.22 1 8
leetcode/l_12/l_12.go:41.22,45.4 3 0
leetcode/l_12/l_12.go:45.9,45.22 1 8
leetcode/l_12/l_12.go:45.22,48.4 2 1
leetcode/l_12/l_12.go:48.9,48.22 1 7
leetcode/l_12/l_12.go:48.22,52.4 3 1
leetcode/l_12/l_12.go:52.9,55.4 2 6
leetcode/l_1461/l_1461.go:5.40,6.16 1 2
leetcode/l_1461/l_1461.go:10.2,11.34 2 2
leetcode/l_1461/l_1461.go:15.2,17.31 2 2
leetcode/l_1461/l_1461.go:6.16,8.3 1 0
leetcode/l_1461/l_1461.go:11.34,14.3 2 11
leetcode/l_17/l_17.go:3.49,4.22 1 3
leetcode/l_17/l_17.go:8.2,12.26 4 2
leetcode/l_17/l_17.go:22.2,22.12 1 2
leetcode/l_17/l_17.go:4.22,6.3 1 1
leetcode/l_17/l_17.go:12.26,15.31 3 3
leetcode/l_17/l_17.go:20.3,20.21 1 3
leetcode/l_17/l_17.go:15.31,16.32 1 5
leetcode/l_17/l_17.go:16.32,18.5 1 15
leetcode/l_1480/l_1480.go:3.35,4.33 1 1
leetcode/l_1480/l_1480.go:7.2,7.13 1 1
leetcode/l_1480/l_1480.go:4.33,6.3 1 3
leetcode/l_173/TreeNode.go:11.42,13.12 2 1
leetcode/l_173/TreeNode.go:17.2,25.12 5 1
leetcode/l_173/TreeNode.go:42.2,42.13 1 1
leetcode/l_173/TreeNode.go:13.12,15.3 1 0
leetcode/l_173/TreeNode.go:25.12,29.31 3 3
leetcode/l_173/TreeNode.go:33.3,35.31 2 3
leetcode/l_173/TreeNode.go:39.3,39.6 1 3
leetcode/l_173/TreeNode.go:29.31,32.4 2 2
leetcode/l_173/TreeNode.go:35.31,38.4 2 2
leetcode/l_173/TreeNode.go:45.36,50.21 3 0
leetcode/l_173/TreeNode.go:64.2,65.32 2 0
leetcode/l_173/TreeNode.go:69.2,69.16 1 0
leetcode/l_173/TreeNode.go:50.21,52.29 2 0
leetcode/l_173/TreeNode.go:61.3,61.23 1 0
leetcode/l_173/TreeNode.go:52.29,54.17 2 0
leetcode/l_173/TreeNode.go:54.17,56.5 1 0
leetcode/l_173/TreeNode.go:56.10,59.5 2 0
leetcode/l_173/TreeNode.go:65.32,67.3 1 0
leetcode/l_173/l_173.go:8.46,13.36 4 1
leetcode/l_173/l_173.go:26.2,26.12 1 1
leetcode/l_173/l_173.go:13.36,14.19 1 5
leetcode/l_173/l_173.go:18.3,24.20 5 5
leetcode/l_173/l_173.go:14.19,17.4 2 5
leetcode/l_173/l_173.go:29.37,32.2 2 5
leetcode/l_173/l_173.go:34.41,35.26 1 2
leetcode/l_173/l_173.go:38.2,38.13 1 1
leetcode/l_173/l_173.go:35.26,37.3 1 1
leetcode/l_18/l_18.go:5.46,7.19 2 3
leetcode/l_18/l_18.go:10.2,11.47 2 3
leetcode/l_18/l_18.go:41.2,41.12 1 3
leetcode/l_18/l_18.go:7.19,9.3 1 0
leetcode/l_18/l_18.go:11.47,12.48 1 11
leetcode/l_18/l_18.go:16.3,16.56 1 8
leetcode/l_18/l_18.go:12.48,13.12 1 3
leetcode/l_18/l_18.go:16.56,17.55 1 24
leetcode/l_18/l_18.go:21.4,22.61 2 16
leetcode/l_18/l_18.go:17.55,18.13 1 8
leetcode/l_18/l_18.go:22.61,23.53 1 33
leetcode/l_18/l_18.go:23.53,27.56 4 8
leetcode/l_18/l_18.go:30.6,30.56 1 8
leetcode/l_18/l_18.go:27.56,29.7 1 1
leetcode/l_18/l_18.go:30.56,32.7 1 1
leetcode/l_18/l_18.go:33.11,33.25 1 25
leetcode/l_18/l_18.go:33.25,35.6 1 5
leetcode/l_18/l_18.go:35.11,37.6 1 20
leetcode/l_217/l_217.go:5.41,7.25 2 3
leetcode/l_217/l_217.go:13.2,13.14 1 1
leetcode/l_217/l_217.go:7.25,8.11 1 10
leetcode/l_217/l_217.go:11.3,11.14 1 8
leetcode/l_217/l_217.go:8.11,10.4 1 2
leetcode/l_217/l_217.go:16.42,18.33 2 0
leetcode/l_217/l_217.go:23.2,23.14 1 0
leetcode/l_217/l_217.go:18.33,19.27 1 0
leetcode/l_217/l_217.go:19.27,21.4 1 0
leetcode/l_329_H/l_329.go:3.48,7.25 4 2
leetcode/l_329_H/l_329.go:11.2,11.25 1 2
leetcode/l_329_H/l_329.go:17.2,17.12 1 2
leetcode/l_329_H/l_329.go:7.25,9.3 1 19
leetcode/l_329_H/l_329.go:11.25,12.26 1 19
leetcode/l_329_H/l_329.go:12.26,14.4 1 166
leetcode/l_329_H/l_329.go:20.62,21.27 1 454
leetcode/l_329_H/l_329.go:25.2,26.28 2 166
leetcode/l_329_H/l_329.go:32.2,33.16 2 166
leetcode/l_329_H/l_329.go:21.27,23.3 1 288
leetcode/l_329_H/l_329.go:26.28,28.65 2 664
leetcode/l_329_H/l_329.go:28.65,30.4 1 288
leetcode/l_329_H/l_329.go:36.33,37.40 1 664
leetcode/l_329_H/l_329.go:40.2,40.13 1 598
leetcode/l_329_H/l_329.go:37.40,39.3 1 66
leetcode/l_329_H/l_329.go:43.24,44.11 1 0
leetcode/l_329_H/l_329.go:47.2,47.10 1 0
leetcode/l_329_H/l_329.go:44.11,46.3 1 0
leetcode/l_329_H/l_329.go:50.24,51.11 1 454
leetcode/l_329_H/l_329.go:54.2,54.10 1 289
leetcode/l_329_H/l_329.go:51.11,53.3 1 165
leetcode/l_350/l_350.go:3.48,4.29 1 3
leetcode/l_350/l_350.go:8.2,9.28 2 2
leetcode/l_350/l_350.go:13.2,14.28 2 2
leetcode/l_350/l_350.go:20.2,20.12 1 2
leetcode/l_350/l_350.go:4.29,6.3 1 1
leetcode/l_350/l_350.go:9.28,11.3 1 5
leetcode/l_350/l_350.go:14.28,15.17 1 9
leetcode/l_350/l_350.go:15.17,18.4 2 4
leetcode/l_29_un/l_29.go:6.21,7.11 1 12
leetcode/l_29_un/l_29.go:10.2,10.10 1 5
leetcode/l_29_un/l_29.go:7.11,9.3 1 7
leetcode/l_29_un/l_29.go:13.43,14.40 1 7
leetcode/l_29_un/l_29.go:17.2,19.62 3 6
leetcode/l_29_un/l_29.go:22.2,23.17 2 6
leetcode/l_29_un/l_29.go:33.2,33.22 1 6
leetcode/l_29_un/l_29.go:14.40,16.3 1 1
leetcode/l_29_un/l_29.go:19.62,21.3 1 3
leetcode/l_29_un/l_29.go:23.17,26.22 3 7
leetcode/l_29_un/l_29.go:30.3,31.14 2 7
leetcode/l_29_un/l_29.go:26.22,29.4 2 33
leetcode/l_322/l_322.go:3.46,6.31 3 2
leetcode/l_322/l_322.go:14.2,14.25 1 2
leetcode/l_322/l_322.go:17.2,17.19 1 2
leetcode/l_322/l_322.go:6.31,8.35 2 6260
leetcode/l_322/l_322.go:8.35,9.21 1 25029
leetcode/l_322/l_322.go:9.21,11.5 1 23932
leetcode/l_322/l_322.go:14.25,16.3 1 0
leetcode/l_322/l_322.go:20.24,21.11 1 23932
leetcode/l_322/l_322.go:24.2,24.10 1 15991
leetcode/l_322/l_322.go:21.11,23.3 1 7941
leetcode/l_354/l_354.go:7.42,8.44 1 1
leetcode/l_354/l_354.go:15.2,16.37 2 1
leetcode/l_354/l_354.go:31.2,31.13 1 1
leetcode/l_354/l_354.go:8.44,9.41 1 6
leetcode/l_354/l_354.go:12.3,12.43 1 5
leetcode/l_354/l_354.go:9.41,11.4 1 1
leetcode/l_354/l_354.go:16.37,18.13 2 4
leetcode/l_354/l_354.go:26.3,27.16 2 4
leetcode/l_354/l_354.go:18.13,20.27 2 4
leetcode/l_354/l_354.go:20.27,22.5 1 3
leetcode/l_354/l_354.go:22.10,24.5 1 1
leetcode/l_354/l_354.go:27.16,29.4 1 3
leetcode/l_456/l_456.go:3.38,7.38 3 6
leetcode/l_456/l_456.go:17.2,17.14 1 3
leetcode/l_456/l_456.go:7.38,8.22 1 24
leetcode/l_456/l_456.go:11.3,11.56 1 21
leetcode/l_456/l_456.go:15.3,15.33 1 21
leetcode/l_456/l_456.go:8.22,10.4 1 3
leetcode/l_456/l_456.go:11.56,14.4 2 5
leetcode/l_474/l_474.go:3.51,5.27 2 0
leetcode/l_474/l_474.go:9.2,9.33 1 0
leetcode/l_474/l_474.go:28.2,28.17 1 0
leetcode/l_474/l_474.go:5.27,7.3 1 0
leetcode/l_474/l_474.go:9.33,11.29 2 0
leetcode/l_474/l_474.go:20.3,20.28 1 0
leetcode/l_474/l_474.go:11.29,12.16 1 0
leetcode/l_474/l_474.go:15.4,15.16 1 0
leetcode/l_474/l_474.go:12.16,14.5 1 0
leetcode/l_474/l_474.go:15.16,17.5 1 0
leetcode/l_474/l_474.go:20.28,21.29 1 0
leetcode/l_474/l_474.go:21.29,22.36 1 0
leetcode/l_474/l_474.go:22.36,24.6 1 0
leetcode/l_53/l_53.go:3.34,4.20 1 6
leetcode/l_53/l_53.go:7.2,10.33 4 5
leetcode/l_53/l_53.go:18.2,18.12 1 5
leetcode/l_53/l_53.go:4.20,6.3 1 1
leetcode/l_53/l_53.go:10.33,11.18 1 15
leetcode/l_53/l_53.go:16.3,16.24 1 15
leetcode/l_53/l_53.go:11.18,13.4 1 6
leetcode/l_53/l_53.go:13.9,15.4 1 9
leetcode/l_53/l_53.go:21.24,22.11 1 15
leetcode/l_53/l_53.go:25.2,25.10 1 8
leetcode/l_53/l_53.go:22.11,24.3 1 7
leetcode/l_647/l_647.go:5.36,7.30 2 1
leetcode/l_647/l_647.go:26.2,26.12 1 1
leetcode/l_647/l_647.go:7.30,9.38 2 4
leetcode/l_647/l_647.go:12.3,16.21 4 4
leetcode/l_647/l_647.go:23.3,24.19 2 4
leetcode/l_647/l_647.go:9.38,11.4 1 6
leetcode/l_647/l_647.go:16.21,17.52 1 6
leetcode/l_647/l_647.go:17.52,19.5 1 2
leetcode/l_647/l_647.go:19.10,20.10 1 4
leetcode/l_705/l_705.go:7.30,9.2 1 2
leetcode/l_705/l_705.go:11.37,13.2 1 7
leetcode/l_705/l_705.go:15.40,17.2 1 1
leetcode/l_705/l_705.go:19.47,21.2 1 6
leetcode/l_706/l_706.go:14.30,16.2 1 1
leetcode/l_706/l_706.go:18.48,21.17 3 3
leetcode/l_706/l_706.go:21.17,22.22 1 1
leetcode/l_706/l_706.go:26.3,26.24 1 0
leetcode/l_706/l_706.go:33.3,33.57 1 0
leetcode/l_706/l_706.go:22.22,25.4 2 1
leetcode/l_706/l_706.go:26.24,28.23 2 0
leetcode/l_706/l_706.go:28.23,31.5 2 0
leetcode/l_706/l_706.go:34.8,37.3 2 2
leetcode/l_706/l_706.go:40.41,43.18 3 3
leetcode/l_706/l_706.go:50.2,50.11 1 1
leetcode/l_706/l_706.go:43.18,44.22 1 2
leetcode/l_706/l_706.go:44.22,46.4 1 2
leetcode/l_706/l_706.go:46.9,48.4 1 0
leetcode/l_706/l_706.go:53.40,57.18 4 1
leetcode/l_706/l_706.go:57.18,58.22 1 1
leetcode/l_706/l_706.go:58.22,59.19 1 1
leetcode/l_706/l_706.go:64.4,64.10 1 1
leetcode/l_706/l_706.go:59.19,61.5 1 1
leetcode/l_706/l_706.go:61.10,63.5 1 0
leetcode/l_706/l_706.go:65.9,68.4 2 0
leetcode/l_706/l_706.go:72.42,74.2 1 7
leetcode/l_743/l_743.go:5.56,7.32 2 2
leetcode/l_743/l_743.go:10.2,10.29 1 2
leetcode/l_743/l_743.go:14.2,17.25 3 2
leetcode/l_743/l_743.go:35.2,35.36 1 2
leetcode/l_743/l_743.go:41.2,42.36 2 2
leetcode/l_743/l_743.go:47.2,47.12 1 2
leetcode/l_743/l_743.go:7.32,9.3 1 8
leetcode/l_743/l_743.go:10.29,12.3 1 4
leetcode/l_743/l_743.go:17.25,18.29 1 6
leetcode/l_743/l_743.go:18.29,19.10 1 26
leetcode/l_743/l_743.go:22.4,22.29 1 19
leetcode/l_743/l_743.go:19.10,20.13 1 7
leetcode/l_743/l_743.go:22.29,23.19 1 14
leetcode/l_743/l_743.go:23.19,24.35 1 10
leetcode/l_743/l_743.go:24.35,26.7 1 0
leetcode/l_743/l_743.go:27.11,30.6 2 4
leetcode/l_743/l_743.go:35.36,36.18 1 6
leetcode/l_743/l_743.go:36.18,38.4 1 0
leetcode/l_743/l_743.go:42.36,43.23 1 6
leetcode/l_743/l_743.go:43.23,45.4 1 3
leetcode/l_743/l_743.go:50.57,52.33 2 0
leetcode/l_743/l_743.go:55.2,56.25 2 0
leetcode/l_743/l_743.go:64.2,65.27 2 0
leetcode/l_743/l_743.go:70.2,70.24 1 0
leetcode/l_743/l_743.go:52.33,54.3 1 0
leetcode/l_743/l_743.go:56.25,57.27 1 0
leetcode/l_743/l_743.go:57.27,59.53 2 0
leetcode/l_743/l_743.go:59.53,61.5 1 0
leetcode/l_743/l_743.go:65.27,66.20 1 0
leetcode/l_743/l_743.go:66.20,68.4 1 0
leetcode/l_743/l_743.go:70.24,72.3 1 0
leetcode/l_743/l_743.go:72.8,74.3 1 0
leetcode/l_785/l_785.go:3.38,8.28 4 1
leetcode/l_785/l_785.go:20.2,20.13 1 1
leetcode/l_785/l_785.go:8.28,9.19 1 4
leetcode/l_785/l_785.go:12.3,12.24 1 4
leetcode/l_785/l_785.go:9.19,10.12 1 0
leetcode/l_785/l_785.go:12.24,13.30 1 6
leetcode/l_785/l_785.go:16.4,16.23 1 6
leetcode/l_785/l_785.go:13.30,15.5 1 0
leetcode/l_785/l_785.go:28.27,31.26 3 1
leetcode/l_785/l_785.go:31.26,33.3 1 4
leetcode/l_785/l_785.go:36.31,37.22 1 24
leetcode/l_785/l_785.go:40.2,40.20 1 24
leetcode/l_785/l_785.go:37.22,39.3 1 0
leetcode/l_785/l_785.go:43.31,45.12 2 6
leetcode/l_785/l_785.go:45.12,48.3 2 2
leetcode/l_785/l_785.go:51.42,53.12 2 6
leetcode/l_785/l_785.go:56.2,56.14 1 6
leetcode/l_785/l_785.go:53.12,55.3 1 0
leetcode/l_80/l_80.go:3.39,5.25 2 7
leetcode/l_80/l_80.go:11.2,11.10 1 7
leetcode/l_80/l_80.go:5.25,6.29 1 29
leetcode/l_80/l_80.go:6.29,9.4 2 28
leetcode/l_86/l_86.go:8.49,11.18 3 2
leetcode/l_86/l_86.go:21.2,23.22 3 2
leetcode/l_86/l_86.go:11.18,12.19 1 6
leetcode/l_86/l_86.go:19.3,19.19 1 6
leetcode/l_86/l_86.go:12.19,15.4 2 3
leetcode/l_86/l_86.go:15.9,18.4 2 3
leetcode/l_89/l_89.go:3.28,4.12 1 2
leetcode/l_89/l_89.go:7.2,7.12 1 2
leetcode/l_89/l_89.go:10.2,11.26 2 2
leetcode/l_89/l_89.go:16.2,16.12 1 2
leetcode/l_89/l_89.go:4.12,6.3 1 0
leetcode/l_89/l_89.go:7.12,9.3 1 0
leetcode/l_89/l_89.go:11.26,12.38 1 6
leetcode/l_89/l_89.go:12.38,14.4 1 64
